<?xml version="1.0" encoding="UTF-8"?>
<testsuite xmlns:xsi="http://www.w3.org/2001/XMLSchema-instance" xsi:noNamespaceSchemaLocation="https://maven.apache.org/surefire/maven-surefire-plugin/xsd/surefire-test-report.xsd" version="3.0.2" name="com.jorgedelarosa.aimiddleware.AimiddlewareApplicationTests" time="3.969" tests="1" errors="0" skipped="0" failures="0" flakes="0">
  <properties>
[...]
</properties>
  <testcase name="contextLoads" classname="com.jorgedelarosa.aimiddleware.AimiddlewareApplicationTests" time="0.246">
    <system-out><![CDATA[13:02:47.998 [main] INFO org.springframework.test.context.support.AnnotationConfigContextLoaderUtils -- Could not detect default configuration classes for test class [com.jorgedelarosa.aimiddleware.AimiddlewareApplicationTests]: AimiddlewareApplicationTests does not declare any static, non-private, non-final, nested classes annotated with @Configuration.
13:02:48.075 [main] INFO org.springframework.boot.test.context.SpringBootTestContextBootstrapper -- Found @SpringBootConfiguration com.jorgedelarosa.aimiddleware.AimiddlewareApplication for test class com.jorgedelarosa.aimiddleware.AimiddlewareApplicationTests
13:02:48.116 [main] INFO org.springframework.test.context.support.AnnotationConfigContextLoaderUtils -- Could not detect default configuration classes for test class [com.jorgedelarosa.aimiddleware.AimiddlewareApplicationTests]: AimiddlewareApplicationTests does not declare any static, non-private, non-final, nested classes annotated with @Configuration.
13:02:48.117 [main] INFO org.springframework.boot.test.context.SpringBootTestContextBootstrapper -- Found @SpringBootConfiguration com.jorgedelarosa.aimiddleware.AimiddlewareApplication for test class com.jorgedelarosa.aimiddleware.AimiddlewareApplicationTests

  .   ____          _            __ _ _
 /\\ / ___'_ __ _ _(_)_ __  __ _ \ \ \ \
( ( )\___ | '_ | '_| | '_ \/ _` | \ \ \ \
 \\/  ___)| |_)| | | | | || (_| |  ) ) ) )
  '  |____| .__|_| |_|_| |_\__, | / / / /
 =========|_|==============|___/=/_/_/_/

 :: Spring Boot ::                (v4.0.6)

2026-05-15T13:02:48.287+02:00  INFO 1095 --- [artifantasy] [           main] c.j.a.AimiddlewareApplicationTests       : Starting AimiddlewareApplicationTests using Java 25.0.2 with PID 1095 (started by jorge in /home/jorge/NetBeansProjects/ai-middleware)
2026-05-15T13:02:48.288+02:00  INFO 1095 --- [artifantasy] [           main] c.j.a.AimiddlewareApplicationTests       : No active profile set, falling back to 1 default profile: "default"
2026-05-15T13:02:48.689+02:00  INFO 1095 --- [artifantasy] [           main] .s.d.r.c.RepositoryConfigurationDelegate : Bootstrapping Spring Data JPA repositories in DEFAULT mode.
2026-05-15T13:02:48.767+02:00  INFO 1095 --- [artifantasy] [           main] .s.d.r.c.RepositoryConfigurationDelegate : Finished Spring Data repository scanning in 73 ms. Found 14 JPA repository interfaces.
2026-05-15T13:02:49.190+02:00  INFO 1095 --- [artifantasy] [           main] org.hibernate.orm.jpa                    : HHH008540: Processing PersistenceUnitInfo [name: default]
2026-05-15T13:02:49.216+02:00  INFO 1095 --- [artifantasy] [           main] org.hibernate.orm.core                   : HHH000001: Hibernate ORM core version 7.2.12.Final
2026-05-15T13:02:49.432+02:00  INFO 1095 --- [artifantasy] [           main] o.s.o.j.p.SpringPersistenceUnitInfo      : No LoadTimeWeaver setup: ignoring JPA class transformer
2026-05-15T13:02:49.446+02:00  INFO 1095 --- [artifantasy] [           main] com.zaxxer.hikari.HikariDataSource       : HikariPool-1 - Starting...
2026-05-15T13:02:49.567+02:00  INFO 1095 --- [artifantasy] [           main] com.zaxxer.hikari.pool.HikariPool        : HikariPool-1 - Added connection conn0: url=jdbc:h2:~/aimiddleware/mydb user=SA
2026-05-15T13:02:49.568+02:00  INFO 1095 --- [artifantasy] [           main] com.zaxxer.hikari.HikariDataSource       : HikariPool-1 - Start completed.
2026-05-15T13:02:49.599+02:00  INFO 1095 --- [artifantasy] [           main] org.hibernate.orm.connections.pooling    : HHH10001005: Database info:
	Database JDBC URL [jdbc:h2:~/aimiddleware/mydb]
	Database driver: H2 JDBC Driver
	Database dialect: H2Dialect
	Database version: 2.4.240
	Default catalog/schema: MYDB/PUBLIC
	Autocommit mode: undefined/unknown
	Isolation level: READ_COMMITTED [default READ_COMMITTED]
	JDBC fetch size: 100
	Pool: DataSourceConnectionProvider
	Minimum pool size: undefined/unknown
	Maximum pool size: undefined/unknown
2026-05-15T13:02:50.090+02:00  INFO 1095 --- [artifantasy] [           main] org.hibernate.orm.core                   : HHH000489: No JTA platform available (set 'hibernate.transaction.jta.platform' to enable JTA platform integration)
2026-05-15T13:02:50.094+02:00  INFO 1095 --- [artifantasy] [           main] j.LocalContainerEntityManagerFactoryBean : Initialized JPA EntityManagerFactory for persistence unit 'default'
2026-05-15T13:02:50.154+02:00  INFO 1095 --- [artifantasy] [           main] o.s.d.j.r.query.QueryEnhancerFactories   : Hibernate is in classpath; If applicable, HQL parser will be used.
2026-05-15T13:02:50.564+02:00  INFO 1095 --- [artifantasy] [           main] liquibase.database                       : Set default schema name to PUBLIC
2026-05-15T13:02:51.069+02:00  INFO 1095 --- [artifantasy] [           main] liquibase.changelog                      : Reading from PUBLIC.DATABASECHANGELOG
2026-05-15T13:02:51.091+02:00  INFO 1095 --- [artifantasy] [           main] liquibase.ui                             : Database is up to date, no changesets to execute
2026-05-15T13:02:51.092+02:00  INFO 1095 --- [artifantasy] [           main] liquibase.changelog                      : Reading from PUBLIC.DATABASECHANGELOG
2026-05-15T13:02:51.097+02:00  INFO 1095 --- [artifantasy] [           main] liquibase.util                           : UPDATE SUMMARY
2026-05-15T13:02:51.097+02:00  INFO 1095 --- [artifantasy] [           main] liquibase.util                           : Run:                          0
2026-05-15T13:02:51.097+02:00  INFO 1095 --- [artifantasy] [           main] liquibase.util                           : Previously run:               8
2026-05-15T13:02:51.097+02:00  INFO 1095 --- [artifantasy] [           main] liquibase.util                           : Filtered out:                 0
2026-05-15T13:02:51.097+02:00  INFO 1095 --- [artifantasy] [           main] liquibase.util                           : -------------------------------
2026-05-15T13:02:51.097+02:00  INFO 1095 --- [artifantasy] [           main] liquibase.util                           : Total change sets:            8
2026-05-15T13:02:51.097+02:00  INFO 1095 --- [artifantasy] [           main] liquibase.util                           : Update summary generated
2026-05-15T13:02:51.098+02:00  INFO 1095 --- [artifantasy] [           main] liquibase.command                        : Command execution complete
2026-05-15T13:02:51.159+02:00  WARN 1095 --- [artifantasy] [           main] JpaBaseConfiguration$JpaWebConfiguration : spring.jpa.open-in-view is enabled by default. Therefore, database queries may be performed during view rendering. Explicitly configure spring.jpa.open-in-view to disable this warning
2026-05-15T13:02:51.518+02:00  INFO 1095 --- [artifantasy] [           main] o.s.b.a.e.web.EndpointLinksResolver      : Exposing 4 endpoints beneath base path '/actuator'
2026-05-15T13:02:51.570+02:00  INFO 1095 --- [artifantasy] [           main] c.j.a.AimiddlewareApplicationTests       : Started AimiddlewareApplicationTests in 3.422 seconds (process running for 4.076)
2026-05-15T13:02:51.627+02:00  WARN 1095 --- [artifantasy] [           main] o.s.core.events.SpringDocAppInitializer  : SpringDoc /v3/api-docs endpoint is enabled by default. To disable it in production, set the property 'springdoc.api-docs.enabled=false'
2026-05-15T13:02:51.627+02:00  WARN 1095 --- [artifantasy] [           main] o.s.core.events.SpringDocAppInitializer  : SpringDoc /swagger-ui.html endpoint is enabled by default. To disable it in production, set the property 'springdoc.swagger-ui.enabled=false'
]]></system-out>
    <system-err><![CDATA[Mockito is currently self-attaching to enable the inline-mock-maker. This will no longer work in future releases of the JDK. Please add Mockito as an agent to your build as described in Mockito's documentation: https://javadoc.io/doc/org.mockito/mockito-core/latest/org.mockito/org/mockito/Mockito.html#0.3
WARNING: A Java agent has been loaded dynamically (/home/jorge/.m2/repository/net/bytebuddy/byte-buddy-agent/1.17.8/byte-buddy-agent-1.17.8.jar)
WARNING: If a serviceability tool is in use, please run with -XX:+EnableDynamicAgentLoading to hide this warning
WARNING: If a serviceability tool is not in use, please run with -Djdk.instrument.traceUsage for more information
WARNING: Dynamic loading of agents will be disallowed by default in a future release
]]></system-err>
  </testcase>
</testsuite>